<?xml version="1.0" encoding="UTF-8"?>
<testng-results ignored="0" total="1" passed="1" failed="0" skipped="0">
  <reporter-output>
  </reporter-output>
  <suite started-at="2023-07-12T17:04:49Z" name="com.automation.testcases.LoginPageTest" finished-at="2023-07-12T17:05:11Z" duration-ms="21379">
    <groups>
    </groups>
    <test started-at="2023-07-12T17:04:49Z" name="Command line test" finished-at="2023-07-12T17:05:11Z" duration-ms="21379">
      <class name="com.automation.testcases.LoginPageTest">
        <test-method is-config="true" signature="setup()[pri:0, instance:com.automation.testcases.LoginPageTest@69b0fd6f]" started-at="2023-07-12T17:04:49Z" name="setup" finished-at="2023-07-12T17:05:10Z" duration-ms="21200" status="PASS">
          <reporter-output>
          </reporter-output>
        </test-method> <!-- setup -->
        <test-method signature="loginPageLogoTest()[pri:1, instance:com.automation.testcases.LoginPageTest@69b0fd6f]" started-at="2023-07-12T17:05:10Z" name="loginPageLogoTest" finished-at="2023-07-12T17:05:10Z" duration-ms="67" status="PASS">
          <reporter-output>
          </reporter-output>
        </test-method> <!-- loginPageLogoTest -->
        <test-method is-config="true" signature="tearDown()[pri:0, instance:com.automation.testcases.LoginPageTest@69b0fd6f]" started-at="2023-07-12T17:05:10Z" name="tearDown" finished-at="2023-07-12T17:05:11Z" duration-ms="95" status="PASS">
          <reporter-output>
          </reporter-output>
        </test-method> <!-- tearDown -->
      </class> <!-- com.automation.testcases.LoginPageTest -->
    </test> <!-- Command line test -->
  </suite> <!-- com.automation.testcases.LoginPageTest -->
</testng-results>
